2013-11-04 14:13:07,694  INFO [org.cloudifysource.esc.driver.provisioning.byon.ByonProvisioningDriver] - ByonProvisioningDriver: shutting down agent on server: 71.74.48.136
2013-11-04 14:13:09,857  INFO [com.jcraft.jsch] - Connecting to 71.74.48.136 port 22
2013-11-04 14:13:10,005  INFO [com.jcraft.jsch] - Connection established
2013-11-04 14:13:10,151  INFO [com.jcraft.jsch] - Remote version string: SSH-1.99-OpenSSH_5.3
2013-11-04 14:13:10,151  INFO [com.jcraft.jsch] - Local version string: SSH-2.0-JSCH-0.1.49
2013-11-04 14:13:10,151  INFO [com.jcraft.jsch] - CheckCiphers: aes256-ctr,aes192-ctr,aes128-ctr,aes256-cbc,aes192-cbc,aes128-cbc,3des-ctr,arcfour,arcfour128,arcfour256
2013-11-04 14:13:10,153  INFO [com.jcraft.jsch] - aes256-ctr is not available.
2013-11-04 14:13:10,153  INFO [com.jcraft.jsch] - aes192-ctr is not available.
2013-11-04 14:13:10,153  INFO [com.jcraft.jsch] - aes256-cbc is not available.
2013-11-04 14:13:10,153  INFO [com.jcraft.jsch] - aes192-cbc is not available.
2013-11-04 14:13:10,154  INFO [com.jcraft.jsch] - arcfour256 is not available.
2013-11-04 14:13:10,154  INFO [com.jcraft.jsch] - CheckKexes: diffie-hellman-group14-sha1
2013-11-04 14:13:10,154  INFO [com.jcraft.jsch] - diffie-hellman-group14-sha1 is not available.
2013-11-04 14:13:10,154  INFO [com.jcraft.jsch] - SSH_MSG_KEXINIT sent
2013-11-04 14:13:10,295  INFO [com.jcraft.jsch] - SSH_MSG_KEXINIT received
2013-11-04 14:13:10,295  INFO [com.jcraft.jsch] - kex: server: diffie-hellman-group-exchange-sha256,diffie-hellman-group-exchange-sha1,diffie-hellman-group14-sha1,diffie-hellman-group1-sha1
2013-11-04 14:13:10,295  INFO [com.jcraft.jsch] - kex: server: ssh-rsa,ssh-dss
2013-11-04 14:13:10,295  INFO [com.jcraft.jsch] - kex: server: aes128-ctr,aes192-ctr,aes256-ctr,arcfour256,arcfour128,aes128-cbc,3des-cbc,blowfish-cbc,cast128-cbc,aes192-cbc,aes256-cbc,arcfour,rijndael-cbc@lysator.liu.se
2013-11-04 14:13:10,296  INFO [com.jcraft.jsch] - kex: server: aes128-ctr,aes192-ctr,aes256-ctr,arcfour256,arcfour128,aes128-cbc,3des-cbc,blowfish-cbc,cast128-cbc,aes192-cbc,aes256-cbc,arcfour,rijndael-cbc@lysator.liu.se
2013-11-04 14:13:10,296  INFO [com.jcraft.jsch] - kex: server: hmac-md5,hmac-sha1,umac-64@openssh.com,hmac-ripemd160,hmac-ripemd160@openssh.com,hmac-sha1-96,hmac-md5-96
2013-11-04 14:13:10,296  INFO [com.jcraft.jsch] - kex: server: hmac-md5,hmac-sha1,umac-64@openssh.com,hmac-ripemd160,hmac-ripemd160@openssh.com,hmac-sha1-96,hmac-md5-96
2013-11-04 14:13:10,296  INFO [com.jcraft.jsch] - kex: server: none,zlib@openssh.com
2013-11-04 14:13:10,296  INFO [com.jcraft.jsch] - kex: server: none,zlib@openssh.com
2013-11-04 14:13:10,297  INFO [com.jcraft.jsch] - kex: server: 
2013-11-04 14:13:10,297  INFO [com.jcraft.jsch] - kex: server: 
2013-11-04 14:13:10,297  INFO [com.jcraft.jsch] - kex: client: diffie-hellman-group1-sha1,diffie-hellman-group-exchange-sha1
2013-11-04 14:13:10,297  INFO [com.jcraft.jsch] - kex: client: ssh-rsa,ssh-dss
2013-11-04 14:13:10,297  INFO [com.jcraft.jsch] - kex: client: aes128-ctr,aes128-cbc,3des-ctr,3des-cbc,blowfish-cbc
2013-11-04 14:13:10,297  INFO [com.jcraft.jsch] - kex: client: aes128-ctr,aes128-cbc,3des-ctr,3des-cbc,blowfish-cbc
2013-11-04 14:13:10,298  INFO [com.jcraft.jsch] - kex: client: hmac-md5,hmac-sha1,hmac-sha2-256,hmac-sha1-96,hmac-md5-96
2013-11-04 14:13:10,298  INFO [com.jcraft.jsch] - kex: client: hmac-md5,hmac-sha1,hmac-sha2-256,hmac-sha1-96,hmac-md5-96
2013-11-04 14:13:10,298  INFO [com.jcraft.jsch] - kex: client: none
2013-11-04 14:13:10,298  INFO [com.jcraft.jsch] - kex: client: none
2013-11-04 14:13:10,298  INFO [com.jcraft.jsch] - kex: client: 
2013-11-04 14:13:10,298  INFO [com.jcraft.jsch] - kex: client: 
2013-11-04 14:13:10,299  INFO [com.jcraft.jsch] - kex: server->client aes128-ctr hmac-md5 none
2013-11-04 14:13:10,299  INFO [com.jcraft.jsch] - kex: client->server aes128-ctr hmac-md5 none
2013-11-04 14:13:10,301  INFO [com.jcraft.jsch] - SSH_MSG_KEXDH_INIT sent
2013-11-04 14:13:10,301  INFO [com.jcraft.jsch] - expecting SSH_MSG_KEXDH_REPLY
2013-11-04 14:13:10,451  INFO [com.jcraft.jsch] - ssh_rsa_verify: signature true
2013-11-04 14:13:10,452  INFO [com.jcraft.jsch] - Host '71.74.48.136' is known and mathces the RSA host key
2013-11-04 14:13:10,452  INFO [com.jcraft.jsch] - SSH_MSG_NEWKEYS sent
2013-11-04 14:13:10,452  INFO [com.jcraft.jsch] - SSH_MSG_NEWKEYS received
2013-11-04 14:13:10,453  INFO [com.jcraft.jsch] - SSH_MSG_SERVICE_REQUEST sent
2013-11-04 14:13:10,596  INFO [com.jcraft.jsch] - SSH_MSG_SERVICE_ACCEPT received
2013-11-04 14:13:10,742  INFO [com.jcraft.jsch] - Authentications that can continue: publickey,keyboard-interactive,password
2013-11-04 14:13:10,742  INFO [com.jcraft.jsch] - Next authentication method: publickey
2013-11-04 14:13:11,059  INFO [com.jcraft.jsch] - Authentication succeeded (publickey).
2013-11-04 14:13:11,933  INFO [com.jcraft.jsch] - Disconnecting from 71.74.48.136 port 22
2013-11-04 14:13:11,933  INFO [org.cloudifysource.esc.driver.provisioning.byon.ByonProvisioningDriver] - Server: ee-mgmt-01.lab.webapps.rr.com shutdown has finished.
2013-11-04 14:13:11,934  INFO [com.jcraft.jsch] - Caught an exception, leaving main loop due to Socket closed
