2013-11-03 19:42:18,549  INFO [org.cloudifysource.shell.commands.AbstractGSCommand] - Validating file email-server
2013-11-03 19:42:19,543  SEVERE [org.cloudifysource.shell.commands.AbstractGSCommand] - startup failed:
dslEntity: 2: expecting '}', found 'postfix' @ line 2, column 30.
       extend ../../../services/postfix
                                ^

1 error
 : org.codehaus.groovy.control.MultipleCompilationErrorsException: startup failed:
dslEntity: 2: expecting '}', found 'postfix' @ line 2, column 30.
       extend ../../../services/postfix
                                ^

1 error

	at org.codehaus.groovy.control.ErrorCollector.failIfErrors(ErrorCollector.java:302)
	at org.codehaus.groovy.control.ErrorCollector.addFatalError(ErrorCollector.java:149)
	at org.codehaus.groovy.control.ErrorCollector.addError(ErrorCollector.java:119)
	at org.codehaus.groovy.control.ErrorCollector.addError(ErrorCollector.java:131)
	at org.codehaus.groovy.control.SourceUnit.addError(SourceUnit.java:359)
	at org.codehaus.groovy.antlr.AntlrParserPlugin.transformCSTIntoAST(AntlrParserPlugin.java:141)
	at org.codehaus.groovy.antlr.AntlrParserPlugin.parseCST(AntlrParserPlugin.java:107)
	at org.codehaus.groovy.control.SourceUnit.parse(SourceUnit.java:236)
	at org.codehaus.groovy.control.CompilationUnit$1.call(CompilationUnit.java:160)
	at org.codehaus.groovy.control.CompilationUnit.applyToSourceUnits(CompilationUnit.java:843)
	at org.codehaus.groovy.control.CompilationUnit.doPhaseOperation(CompilationUnit.java:548)
	at org.codehaus.groovy.control.CompilationUnit.processPhaseOperations(CompilationUnit.java:524)
	at org.codehaus.groovy.control.CompilationUnit.compile(CompilationUnit.java:501)
	at groovy.lang.GroovyClassLoader.doParseClass(GroovyClassLoader.java:306)
	at groovy.lang.GroovyClassLoader.parseClass(GroovyClassLoader.java:287)
	at groovy.lang.GroovyShell.parseClass(GroovyShell.java:731)
	at groovy.lang.GroovyShell.parse(GroovyShell.java:743)
	at groovy.lang.GroovyShell.parse(GroovyShell.java:723)
	at groovy.lang.GroovyShell.evaluate(GroovyShell.java:680)
	at org.cloudifysource.dsl.internal.DSLReader.evaluateGroovyScript(DSLReader.java:459)
	at org.cloudifysource.dsl.internal.DSLReader.readDslObject(DSLReader.java:379)
	at org.cloudifysource.dsl.internal.DSLReader.readDslEntity(DSLReader.java:311)
	at org.cloudifysource.dsl.internal.ServiceReader.getApplicationServiceFromDirectory(ServiceReader.java:197)
	at org.cloudifysource.dsl.internal.BaseDslScript.loadApplicationService(BaseDslScript.java:847)
	at org.cloudifysource.dsl.internal.BaseDslScript.checkForApplicationServiceBlockNameParameter(BaseDslScript.java:802)
	at org.cloudifysource.dsl.internal.BaseDslScript.applyPropertyToObject(BaseDslScript.java:230)
	at org.cloudifysource.dsl.internal.BaseDslScript.setProperty(BaseDslScript.java:142)
	at org.codehaus.groovy.runtime.InvokerHelper.setProperty(InvokerHelper.java:179)
	at groovy.lang.Closure.setPropertyTryThese(Closure.java:380)
	at groovy.lang.Closure.setPropertyOwnerFirst(Closure.java:374)
	at groovy.lang.Closure.setProperty(Closure.java:363)
	at org.codehaus.groovy.runtime.InvokerHelper.setProperty(InvokerHelper.java:179)
	at groovy.lang.Closure.setPropertyTryThese(Closure.java:380)
	at groovy.lang.Closure.setPropertyOwnerFirst(Closure.java:374)
	at groovy.lang.Closure.setProperty(Closure.java:363)
	at org.codehaus.groovy.runtime.ScriptBytecodeAdapter.setGroovyObjectProperty(ScriptBytecodeAdapter.java:528)
	at dslEntity$_run_closure3_closure4.doCall(dslEntity:10)
	at sun.reflect.NativeMethodAccessorImpl.invoke0(Native Method)
	at sun.reflect.NativeMethodAccessorImpl.invoke(NativeMethodAccessorImpl.java:57)
	at sun.reflect.DelegatingMethodAccessorImpl.invoke(DelegatingMethodAccessorImpl.java:43)
	at java.lang.reflect.Method.invoke(Method.java:606)
	at org.codehaus.groovy.reflection.CachedMethod.invoke(CachedMethod.java:90)
	at groovy.lang.MetaMethod.doMethodInvoke(MetaMethod.java:233)
	at org.codehaus.groovy.runtime.metaclass.ClosureMetaClass.invokeMethod(ClosureMetaClass.java:272)
	at groovy.lang.MetaClassImpl.invokeMethod(MetaClassImpl.java:877)
	at org.codehaus.groovy.runtime.callsite.PogoMetaClassSite.callCurrent(PogoMetaClassSite.java:66)
	at org.codehaus.groovy.runtime.callsite.CallSiteArray.defaultCallCurrent(CallSiteArray.java:46)
	at org.codehaus.groovy.runtime.callsite.AbstractCallSite.callCurrent(AbstractCallSite.java:133)
	at org.codehaus.groovy.runtime.callsite.AbstractCallSite.callCurrent(AbstractCallSite.java:141)
	at dslEntity$_run_closure3_closure4.doCall(dslEntity)
	at sun.reflect.NativeMethodAccessorImpl.invoke0(Native Method)
	at sun.reflect.NativeMethodAccessorImpl.invoke(NativeMethodAccessorImpl.java:57)
	at sun.reflect.DelegatingMethodAccessorImpl.invoke(DelegatingMethodAccessorImpl.java:43)
	at java.lang.reflect.Method.invoke(Method.java:606)
	at org.codehaus.groovy.reflection.CachedMethod.invoke(CachedMethod.java:90)
	at groovy.lang.MetaMethod.doMethodInvoke(MetaMethod.java:233)
	at org.codehaus.groovy.runtime.metaclass.ClosureMetaClass.invokeMethod(ClosureMetaClass.java:272)
	at groovy.lang.MetaClassImpl.invokeMethod(MetaClassImpl.java:877)
	at groovy.lang.Closure.call(Closure.java:412)
	at groovy.lang.Closure.call(Closure.java:406)
	at org.cloudifysource.dsl.internal.BaseDslScript.swapActiveObject(BaseDslScript.java:785)
	at org.cloudifysource.dsl.internal.BaseDslScript.invokeMethod(BaseDslScript.java:310)
	at org.codehaus.groovy.runtime.metaclass.ClosureMetaClass.invokeOnDelegationObjects(ClosureMetaClass.java:407)
	at org.codehaus.groovy.runtime.metaclass.ClosureMetaClass.invokeMethod(ClosureMetaClass.java:346)
	at groovy.lang.MetaClassImpl.invokeMethod(MetaClassImpl.java:877)
	at org.codehaus.groovy.runtime.callsite.PogoMetaClassSite.callCurrent(PogoMetaClassSite.java:66)
	at org.codehaus.groovy.runtime.callsite.CallSiteArray.defaultCallCurrent(CallSiteArray.java:46)
	at org.codehaus.groovy.runtime.callsite.AbstractCallSite.callCurrent(AbstractCallSite.java:133)
	at org.codehaus.groovy.runtime.callsite.AbstractCallSite.callCurrent(AbstractCallSite.java:141)
	at dslEntity$_run_closure3.doCall(dslEntity:9)
	at sun.reflect.NativeMethodAccessorImpl.invoke0(Native Method)
	at sun.reflect.NativeMethodAccessorImpl.invoke(NativeMethodAccessorImpl.java:57)
	at sun.reflect.DelegatingMethodAccessorImpl.invoke(DelegatingMethodAccessorImpl.java:43)
	at java.lang.reflect.Method.invoke(Method.java:606)
	at org.codehaus.groovy.reflection.CachedMethod.invoke(CachedMethod.java:90)
	at groovy.lang.MetaMethod.doMethodInvoke(MetaMethod.java:233)
	at org.codehaus.groovy.runtime.metaclass.ClosureMetaClass.invokeMethod(ClosureMetaClass.java:272)
	at groovy.lang.MetaClassImpl.invokeMethod(MetaClassImpl.java:877)
	at org.codehaus.groovy.runtime.callsite.PogoMetaClassSite.callCurrent(PogoMetaClassSite.java:66)
	at org.codehaus.groovy.runtime.callsite.CallSiteArray.defaultCallCurrent(CallSiteArray.java:46)
	at org.codehaus.groovy.runtime.callsite.AbstractCallSite.callCurrent(AbstractCallSite.java:133)
	at org.codehaus.groovy.runtime.callsite.AbstractCallSite.callCurrent(AbstractCallSite.java:141)
	at dslEntity$_run_closure3.doCall(dslEntity)
	at sun.reflect.NativeMethodAccessorImpl.invoke0(Native Method)
	at sun.reflect.NativeMethodAccessorImpl.invoke(NativeMethodAccessorImpl.java:57)
	at sun.reflect.DelegatingMethodAccessorImpl.invoke(DelegatingMethodAccessorImpl.java:43)
	at java.lang.reflect.Method.invoke(Method.java:606)
	at org.codehaus.groovy.reflection.CachedMethod.invoke(CachedMethod.java:90)
	at groovy.lang.MetaMethod.doMethodInvoke(MetaMethod.java:233)
	at org.codehaus.groovy.runtime.metaclass.ClosureMetaClass.invokeMethod(ClosureMetaClass.java:272)
	at groovy.lang.MetaClassImpl.invokeMethod(MetaClassImpl.java:877)
	at groovy.lang.Closure.call(Closure.java:412)
	at groovy.lang.Closure.call(Closure.java:406)
	at org.cloudifysource.dsl.internal.BaseDslScript.swapActiveObject(BaseDslScript.java:785)
	at org.cloudifysource.dsl.internal.BaseDslScript.invokeMethod(BaseDslScript.java:310)
	at org.codehaus.groovy.runtime.callsite.PogoMetaClassSite.callCurrent(PogoMetaClassSite.java:72)
	at org.codehaus.groovy.runtime.callsite.CallSiteArray.defaultCallCurrent(CallSiteArray.java:46)
	at org.codehaus.groovy.runtime.callsite.AbstractCallSite.callCurrent(AbstractCallSite.java:133)
	at org.codehaus.groovy.runtime.callsite.AbstractCallSite.callCurrent(AbstractCallSite.java:141)
	at dslEntity.run(dslEntity:2)
	at groovy.lang.GroovyShell.evaluate(GroovyShell.java:682)
	at org.cloudifysource.dsl.internal.DSLReader.evaluateGroovyScript(DSLReader.java:459)
	at org.cloudifysource.dsl.internal.DSLReader.readDslObject(DSLReader.java:379)
	at org.cloudifysource.dsl.internal.DSLReader.readDslEntity(DSLReader.java:311)
	at org.cloudifysource.shell.commands.InstallApplication.doExecute(InstallApplication.java:158)
	at org.cloudifysource.shell.commands.AbstractGSCommand.execute(AbstractGSCommand.java:101)
	at org.cloudifysource.shell.commands.AdminAwareCommand.execute(AdminAwareCommand.java:36)
	at org.apache.felix.gogo.commands.basic.AbstractCommand.execute(AbstractCommand.java:35)
	at org.apache.felix.gogo.runtime.Closure.executeCmd(Closure.java:474)
	at org.apache.felix.gogo.runtime.Closure.executeStatement(Closure.java:400)
	at org.apache.felix.gogo.runtime.Pipe.run(Pipe.java:108)
	at org.apache.felix.gogo.runtime.Closure.execute(Closure.java:183)
	at org.apache.felix.gogo.runtime.Closure.execute(Closure.java:120)
	at org.apache.felix.gogo.runtime.CommandSessionImpl.execute(CommandSessionImpl.java:89)
	at org.apache.karaf.shell.console.jline.Console.run(Console.java:172)
	at org.apache.karaf.shell.console.Main.run(Main.java:191)
	at org.apache.karaf.shell.console.Main.run(Main.java:89)
	at org.cloudifysource.shell.GigaShellMain.main(GigaShellMain.java:126)

2013-11-03 19:49:02,476  INFO [org.cloudifysource.shell.commands.AbstractGSCommand] - Validating file email-server
2013-11-03 19:49:02,635  SEVERE [org.cloudifysource.shell.commands.AbstractGSCommand] - startup failed:
dslEntity: 2: expecting '}', found 'services' @ line 2, column 18.
       extend ../../services/postfix
                    ^

1 error
 : org.codehaus.groovy.control.MultipleCompilationErrorsException: startup failed:
dslEntity: 2: expecting '}', found 'services' @ line 2, column 18.
       extend ../../services/postfix
                    ^

1 error

	at org.codehaus.groovy.control.ErrorCollector.failIfErrors(ErrorCollector.java:302)
	at org.codehaus.groovy.control.ErrorCollector.addFatalError(ErrorCollector.java:149)
	at org.codehaus.groovy.control.ErrorCollector.addError(ErrorCollector.java:119)
	at org.codehaus.groovy.control.ErrorCollector.addError(ErrorCollector.java:131)
	at org.codehaus.groovy.control.SourceUnit.addError(SourceUnit.java:359)
	at org.codehaus.groovy.antlr.AntlrParserPlugin.transformCSTIntoAST(AntlrParserPlugin.java:141)
	at org.codehaus.groovy.antlr.AntlrParserPlugin.parseCST(AntlrParserPlugin.java:107)
	at org.codehaus.groovy.control.SourceUnit.parse(SourceUnit.java:236)
	at org.codehaus.groovy.control.CompilationUnit$1.call(CompilationUnit.java:160)
	at org.codehaus.groovy.control.CompilationUnit.applyToSourceUnits(CompilationUnit.java:843)
	at org.codehaus.groovy.control.CompilationUnit.doPhaseOperation(CompilationUnit.java:548)
	at org.codehaus.groovy.control.CompilationUnit.processPhaseOperations(CompilationUnit.java:524)
	at org.codehaus.groovy.control.CompilationUnit.compile(CompilationUnit.java:501)
	at groovy.lang.GroovyClassLoader.doParseClass(GroovyClassLoader.java:306)
	at groovy.lang.GroovyClassLoader.parseClass(GroovyClassLoader.java:287)
	at groovy.lang.GroovyShell.parseClass(GroovyShell.java:731)
	at groovy.lang.GroovyShell.parse(GroovyShell.java:743)
	at groovy.lang.GroovyShell.parse(GroovyShell.java:723)
	at groovy.lang.GroovyShell.evaluate(GroovyShell.java:680)
	at org.cloudifysource.dsl.internal.DSLReader.evaluateGroovyScript(DSLReader.java:459)
	at org.cloudifysource.dsl.internal.DSLReader.readDslObject(DSLReader.java:379)
	at org.cloudifysource.dsl.internal.DSLReader.readDslEntity(DSLReader.java:311)
	at org.cloudifysource.dsl.internal.ServiceReader.getApplicationServiceFromDirectory(ServiceReader.java:197)
	at org.cloudifysource.dsl.internal.BaseDslScript.loadApplicationService(BaseDslScript.java:847)
	at org.cloudifysource.dsl.internal.BaseDslScript.checkForApplicationServiceBlockNameParameter(BaseDslScript.java:802)
	at org.cloudifysource.dsl.internal.BaseDslScript.applyPropertyToObject(BaseDslScript.java:230)
	at org.cloudifysource.dsl.internal.BaseDslScript.setProperty(BaseDslScript.java:142)
	at org.codehaus.groovy.runtime.InvokerHelper.setProperty(InvokerHelper.java:179)
	at groovy.lang.Closure.setPropertyTryThese(Closure.java:380)
	at groovy.lang.Closure.setPropertyOwnerFirst(Closure.java:374)
	at groovy.lang.Closure.setProperty(Closure.java:363)
	at org.codehaus.groovy.runtime.InvokerHelper.setProperty(InvokerHelper.java:179)
	at groovy.lang.Closure.setPropertyTryThese(Closure.java:380)
	at groovy.lang.Closure.setPropertyOwnerFirst(Closure.java:374)
	at groovy.lang.Closure.setProperty(Closure.java:363)
	at org.codehaus.groovy.runtime.ScriptBytecodeAdapter.setGroovyObjectProperty(ScriptBytecodeAdapter.java:528)
	at dslEntity$_run_closure3_closure4.doCall(dslEntity:10)
	at sun.reflect.NativeMethodAccessorImpl.invoke0(Native Method)
	at sun.reflect.NativeMethodAccessorImpl.invoke(NativeMethodAccessorImpl.java:57)
	at sun.reflect.DelegatingMethodAccessorImpl.invoke(DelegatingMethodAccessorImpl.java:43)
	at java.lang.reflect.Method.invoke(Method.java:606)
	at org.codehaus.groovy.reflection.CachedMethod.invoke(CachedMethod.java:90)
	at groovy.lang.MetaMethod.doMethodInvoke(MetaMethod.java:233)
	at org.codehaus.groovy.runtime.metaclass.ClosureMetaClass.invokeMethod(ClosureMetaClass.java:272)
	at groovy.lang.MetaClassImpl.invokeMethod(MetaClassImpl.java:877)
	at org.codehaus.groovy.runtime.callsite.PogoMetaClassSite.callCurrent(PogoMetaClassSite.java:66)
	at org.codehaus.groovy.runtime.callsite.CallSiteArray.defaultCallCurrent(CallSiteArray.java:46)
	at org.codehaus.groovy.runtime.callsite.AbstractCallSite.callCurrent(AbstractCallSite.java:133)
	at org.codehaus.groovy.runtime.callsite.AbstractCallSite.callCurrent(AbstractCallSite.java:141)
	at dslEntity$_run_closure3_closure4.doCall(dslEntity)
	at sun.reflect.NativeMethodAccessorImpl.invoke0(Native Method)
	at sun.reflect.NativeMethodAccessorImpl.invoke(NativeMethodAccessorImpl.java:57)
	at sun.reflect.DelegatingMethodAccessorImpl.invoke(DelegatingMethodAccessorImpl.java:43)
	at java.lang.reflect.Method.invoke(Method.java:606)
	at org.codehaus.groovy.reflection.CachedMethod.invoke(CachedMethod.java:90)
	at groovy.lang.MetaMethod.doMethodInvoke(MetaMethod.java:233)
	at org.codehaus.groovy.runtime.metaclass.ClosureMetaClass.invokeMethod(ClosureMetaClass.java:272)
	at groovy.lang.MetaClassImpl.invokeMethod(MetaClassImpl.java:877)
	at groovy.lang.Closure.call(Closure.java:412)
	at groovy.lang.Closure.call(Closure.java:406)
	at org.cloudifysource.dsl.internal.BaseDslScript.swapActiveObject(BaseDslScript.java:785)
	at org.cloudifysource.dsl.internal.BaseDslScript.invokeMethod(BaseDslScript.java:310)
	at org.codehaus.groovy.runtime.metaclass.ClosureMetaClass.invokeOnDelegationObjects(ClosureMetaClass.java:407)
	at org.codehaus.groovy.runtime.metaclass.ClosureMetaClass.invokeMethod(ClosureMetaClass.java:346)
	at groovy.lang.MetaClassImpl.invokeMethod(MetaClassImpl.java:877)
	at org.codehaus.groovy.runtime.callsite.PogoMetaClassSite.callCurrent(PogoMetaClassSite.java:66)
	at org.codehaus.groovy.runtime.callsite.CallSiteArray.defaultCallCurrent(CallSiteArray.java:46)
	at org.codehaus.groovy.runtime.callsite.AbstractCallSite.callCurrent(AbstractCallSite.java:133)
	at org.codehaus.groovy.runtime.callsite.AbstractCallSite.callCurrent(AbstractCallSite.java:141)
	at dslEntity$_run_closure3.doCall(dslEntity:9)
	at sun.reflect.NativeMethodAccessorImpl.invoke0(Native Method)
	at sun.reflect.NativeMethodAccessorImpl.invoke(NativeMethodAccessorImpl.java:57)
	at sun.reflect.DelegatingMethodAccessorImpl.invoke(DelegatingMethodAccessorImpl.java:43)
	at java.lang.reflect.Method.invoke(Method.java:606)
	at org.codehaus.groovy.reflection.CachedMethod.invoke(CachedMethod.java:90)
	at groovy.lang.MetaMethod.doMethodInvoke(MetaMethod.java:233)
	at org.codehaus.groovy.runtime.metaclass.ClosureMetaClass.invokeMethod(ClosureMetaClass.java:272)
	at groovy.lang.MetaClassImpl.invokeMethod(MetaClassImpl.java:877)
	at org.codehaus.groovy.runtime.callsite.PogoMetaClassSite.callCurrent(PogoMetaClassSite.java:66)
	at org.codehaus.groovy.runtime.callsite.CallSiteArray.defaultCallCurrent(CallSiteArray.java:46)
	at org.codehaus.groovy.runtime.callsite.AbstractCallSite.callCurrent(AbstractCallSite.java:133)
	at org.codehaus.groovy.runtime.callsite.AbstractCallSite.callCurrent(AbstractCallSite.java:141)
	at dslEntity$_run_closure3.doCall(dslEntity)
	at sun.reflect.NativeMethodAccessorImpl.invoke0(Native Method)
	at sun.reflect.NativeMethodAccessorImpl.invoke(NativeMethodAccessorImpl.java:57)
	at sun.reflect.DelegatingMethodAccessorImpl.invoke(DelegatingMethodAccessorImpl.java:43)
	at java.lang.reflect.Method.invoke(Method.java:606)
	at org.codehaus.groovy.reflection.CachedMethod.invoke(CachedMethod.java:90)
	at groovy.lang.MetaMethod.doMethodInvoke(MetaMethod.java:233)
	at org.codehaus.groovy.runtime.metaclass.ClosureMetaClass.invokeMethod(ClosureMetaClass.java:272)
	at groovy.lang.MetaClassImpl.invokeMethod(MetaClassImpl.java:877)
	at groovy.lang.Closure.call(Closure.java:412)
	at groovy.lang.Closure.call(Closure.java:406)
	at org.cloudifysource.dsl.internal.BaseDslScript.swapActiveObject(BaseDslScript.java:785)
	at org.cloudifysource.dsl.internal.BaseDslScript.invokeMethod(BaseDslScript.java:310)
	at org.codehaus.groovy.runtime.callsite.PogoMetaClassSite.callCurrent(PogoMetaClassSite.java:72)
	at org.codehaus.groovy.runtime.callsite.CallSiteArray.defaultCallCurrent(CallSiteArray.java:46)
	at org.codehaus.groovy.runtime.callsite.AbstractCallSite.callCurrent(AbstractCallSite.java:133)
	at org.codehaus.groovy.runtime.callsite.AbstractCallSite.callCurrent(AbstractCallSite.java:141)
	at dslEntity.run(dslEntity:2)
	at groovy.lang.GroovyShell.evaluate(GroovyShell.java:682)
	at org.cloudifysource.dsl.internal.DSLReader.evaluateGroovyScript(DSLReader.java:459)
	at org.cloudifysource.dsl.internal.DSLReader.readDslObject(DSLReader.java:379)
	at org.cloudifysource.dsl.internal.DSLReader.readDslEntity(DSLReader.java:311)
	at org.cloudifysource.shell.commands.InstallApplication.doExecute(InstallApplication.java:158)
	at org.cloudifysource.shell.commands.AbstractGSCommand.execute(AbstractGSCommand.java:101)
	at org.cloudifysource.shell.commands.AdminAwareCommand.execute(AdminAwareCommand.java:36)
	at org.apache.felix.gogo.commands.basic.AbstractCommand.execute(AbstractCommand.java:35)
	at org.apache.felix.gogo.runtime.Closure.executeCmd(Closure.java:474)
	at org.apache.felix.gogo.runtime.Closure.executeStatement(Closure.java:400)
	at org.apache.felix.gogo.runtime.Pipe.run(Pipe.java:108)
	at org.apache.felix.gogo.runtime.Closure.execute(Closure.java:183)
	at org.apache.felix.gogo.runtime.Closure.execute(Closure.java:120)
	at org.apache.felix.gogo.runtime.CommandSessionImpl.execute(CommandSessionImpl.java:89)
	at org.apache.karaf.shell.console.jline.Console.run(Console.java:172)
	at org.apache.karaf.shell.console.Main.run(Main.java:191)
	at org.apache.karaf.shell.console.Main.run(Main.java:89)
	at org.cloudifysource.shell.GigaShellMain.main(GigaShellMain.java:126)

2013-11-03 19:49:25,803  INFO [org.cloudifysource.shell.commands.AbstractGSCommand] - Validating file email-server
2013-11-03 19:49:25,983  SEVERE [org.cloudifysource.shell.commands.AbstractGSCommand] - startup failed:
dslEntity: 2: expecting '}', found 'services' @ line 2, column 24.
       extend ../../../../services/postfix
                          ^

1 error
 : org.codehaus.groovy.control.MultipleCompilationErrorsException: startup failed:
dslEntity: 2: expecting '}', found 'services' @ line 2, column 24.
       extend ../../../../services/postfix
                          ^

1 error

	at org.codehaus.groovy.control.ErrorCollector.failIfErrors(ErrorCollector.java:302)
	at org.codehaus.groovy.control.ErrorCollector.addFatalError(ErrorCollector.java:149)
	at org.codehaus.groovy.control.ErrorCollector.addError(ErrorCollector.java:119)
	at org.codehaus.groovy.control.ErrorCollector.addError(ErrorCollector.java:131)
	at org.codehaus.groovy.control.SourceUnit.addError(SourceUnit.java:359)
	at org.codehaus.groovy.antlr.AntlrParserPlugin.transformCSTIntoAST(AntlrParserPlugin.java:141)
	at org.codehaus.groovy.antlr.AntlrParserPlugin.parseCST(AntlrParserPlugin.java:107)
	at org.codehaus.groovy.control.SourceUnit.parse(SourceUnit.java:236)
	at org.codehaus.groovy.control.CompilationUnit$1.call(CompilationUnit.java:160)
	at org.codehaus.groovy.control.CompilationUnit.applyToSourceUnits(CompilationUnit.java:843)
	at org.codehaus.groovy.control.CompilationUnit.doPhaseOperation(CompilationUnit.java:548)
	at org.codehaus.groovy.control.CompilationUnit.processPhaseOperations(CompilationUnit.java:524)
	at org.codehaus.groovy.control.CompilationUnit.compile(CompilationUnit.java:501)
	at groovy.lang.GroovyClassLoader.doParseClass(GroovyClassLoader.java:306)
	at groovy.lang.GroovyClassLoader.parseClass(GroovyClassLoader.java:287)
	at groovy.lang.GroovyShell.parseClass(GroovyShell.java:731)
	at groovy.lang.GroovyShell.parse(GroovyShell.java:743)
	at groovy.lang.GroovyShell.parse(GroovyShell.java:723)
	at groovy.lang.GroovyShell.evaluate(GroovyShell.java:680)
	at org.cloudifysource.dsl.internal.DSLReader.evaluateGroovyScript(DSLReader.java:459)
	at org.cloudifysource.dsl.internal.DSLReader.readDslObject(DSLReader.java:379)
	at org.cloudifysource.dsl.internal.DSLReader.readDslEntity(DSLReader.java:311)
	at org.cloudifysource.dsl.internal.ServiceReader.getApplicationServiceFromDirectory(ServiceReader.java:197)
	at org.cloudifysource.dsl.internal.BaseDslScript.loadApplicationService(BaseDslScript.java:847)
	at org.cloudifysource.dsl.internal.BaseDslScript.checkForApplicationServiceBlockNameParameter(BaseDslScript.java:802)
	at org.cloudifysource.dsl.internal.BaseDslScript.applyPropertyToObject(BaseDslScript.java:230)
	at org.cloudifysource.dsl.internal.BaseDslScript.setProperty(BaseDslScript.java:142)
	at org.codehaus.groovy.runtime.InvokerHelper.setProperty(InvokerHelper.java:179)
	at groovy.lang.Closure.setPropertyTryThese(Closure.java:380)
	at groovy.lang.Closure.setPropertyOwnerFirst(Closure.java:374)
	at groovy.lang.Closure.setProperty(Closure.java:363)
	at org.codehaus.groovy.runtime.InvokerHelper.setProperty(InvokerHelper.java:179)
	at groovy.lang.Closure.setPropertyTryThese(Closure.java:380)
	at groovy.lang.Closure.setPropertyOwnerFirst(Closure.java:374)
	at groovy.lang.Closure.setProperty(Closure.java:363)
	at org.codehaus.groovy.runtime.ScriptBytecodeAdapter.setGroovyObjectProperty(ScriptBytecodeAdapter.java:528)
	at dslEntity$_run_closure3_closure4.doCall(dslEntity:10)
	at sun.reflect.NativeMethodAccessorImpl.invoke0(Native Method)
	at sun.reflect.NativeMethodAccessorImpl.invoke(NativeMethodAccessorImpl.java:57)
	at sun.reflect.DelegatingMethodAccessorImpl.invoke(DelegatingMethodAccessorImpl.java:43)
	at java.lang.reflect.Method.invoke(Method.java:606)
	at org.codehaus.groovy.reflection.CachedMethod.invoke(CachedMethod.java:90)
	at groovy.lang.MetaMethod.doMethodInvoke(MetaMethod.java:233)
	at org.codehaus.groovy.runtime.metaclass.ClosureMetaClass.invokeMethod(ClosureMetaClass.java:272)
	at groovy.lang.MetaClassImpl.invokeMethod(MetaClassImpl.java:877)
	at org.codehaus.groovy.runtime.callsite.PogoMetaClassSite.callCurrent(PogoMetaClassSite.java:66)
	at org.codehaus.groovy.runtime.callsite.CallSiteArray.defaultCallCurrent(CallSiteArray.java:46)
	at org.codehaus.groovy.runtime.callsite.AbstractCallSite.callCurrent(AbstractCallSite.java:133)
	at org.codehaus.groovy.runtime.callsite.AbstractCallSite.callCurrent(AbstractCallSite.java:141)
	at dslEntity$_run_closure3_closure4.doCall(dslEntity)
	at sun.reflect.NativeMethodAccessorImpl.invoke0(Native Method)
	at sun.reflect.NativeMethodAccessorImpl.invoke(NativeMethodAccessorImpl.java:57)
	at sun.reflect.DelegatingMethodAccessorImpl.invoke(DelegatingMethodAccessorImpl.java:43)
	at java.lang.reflect.Method.invoke(Method.java:606)
	at org.codehaus.groovy.reflection.CachedMethod.invoke(CachedMethod.java:90)
	at groovy.lang.MetaMethod.doMethodInvoke(MetaMethod.java:233)
	at org.codehaus.groovy.runtime.metaclass.ClosureMetaClass.invokeMethod(ClosureMetaClass.java:272)
	at groovy.lang.MetaClassImpl.invokeMethod(MetaClassImpl.java:877)
	at groovy.lang.Closure.call(Closure.java:412)
	at groovy.lang.Closure.call(Closure.java:406)
	at org.cloudifysource.dsl.internal.BaseDslScript.swapActiveObject(BaseDslScript.java:785)
	at org.cloudifysource.dsl.internal.BaseDslScript.invokeMethod(BaseDslScript.java:310)
	at org.codehaus.groovy.runtime.metaclass.ClosureMetaClass.invokeOnDelegationObjects(ClosureMetaClass.java:407)
	at org.codehaus.groovy.runtime.metaclass.ClosureMetaClass.invokeMethod(ClosureMetaClass.java:346)
	at groovy.lang.MetaClassImpl.invokeMethod(MetaClassImpl.java:877)
	at org.codehaus.groovy.runtime.callsite.PogoMetaClassSite.callCurrent(PogoMetaClassSite.java:66)
	at org.codehaus.groovy.runtime.callsite.CallSiteArray.defaultCallCurrent(CallSiteArray.java:46)
	at org.codehaus.groovy.runtime.callsite.AbstractCallSite.callCurrent(AbstractCallSite.java:133)
	at org.codehaus.groovy.runtime.callsite.AbstractCallSite.callCurrent(AbstractCallSite.java:141)
	at dslEntity$_run_closure3.doCall(dslEntity:9)
	at sun.reflect.NativeMethodAccessorImpl.invoke0(Native Method)
	at sun.reflect.NativeMethodAccessorImpl.invoke(NativeMethodAccessorImpl.java:57)
	at sun.reflect.DelegatingMethodAccessorImpl.invoke(DelegatingMethodAccessorImpl.java:43)
	at java.lang.reflect.Method.invoke(Method.java:606)
	at org.codehaus.groovy.reflection.CachedMethod.invoke(CachedMethod.java:90)
	at groovy.lang.MetaMethod.doMethodInvoke(MetaMethod.java:233)
	at org.codehaus.groovy.runtime.metaclass.ClosureMetaClass.invokeMethod(ClosureMetaClass.java:272)
	at groovy.lang.MetaClassImpl.invokeMethod(MetaClassImpl.java:877)
	at org.codehaus.groovy.runtime.callsite.PogoMetaClassSite.callCurrent(PogoMetaClassSite.java:66)
	at org.codehaus.groovy.runtime.callsite.CallSiteArray.defaultCallCurrent(CallSiteArray.java:46)
	at org.codehaus.groovy.runtime.callsite.AbstractCallSite.callCurrent(AbstractCallSite.java:133)
	at org.codehaus.groovy.runtime.callsite.AbstractCallSite.callCurrent(AbstractCallSite.java:141)
	at dslEntity$_run_closure3.doCall(dslEntity)
	at sun.reflect.NativeMethodAccessorImpl.invoke0(Native Method)
	at sun.reflect.NativeMethodAccessorImpl.invoke(NativeMethodAccessorImpl.java:57)
	at sun.reflect.DelegatingMethodAccessorImpl.invoke(DelegatingMethodAccessorImpl.java:43)
	at java.lang.reflect.Method.invoke(Method.java:606)
	at org.codehaus.groovy.reflection.CachedMethod.invoke(CachedMethod.java:90)
	at groovy.lang.MetaMethod.doMethodInvoke(MetaMethod.java:233)
	at org.codehaus.groovy.runtime.metaclass.ClosureMetaClass.invokeMethod(ClosureMetaClass.java:272)
	at groovy.lang.MetaClassImpl.invokeMethod(MetaClassImpl.java:877)
	at groovy.lang.Closure.call(Closure.java:412)
	at groovy.lang.Closure.call(Closure.java:406)
	at org.cloudifysource.dsl.internal.BaseDslScript.swapActiveObject(BaseDslScript.java:785)
	at org.cloudifysource.dsl.internal.BaseDslScript.invokeMethod(BaseDslScript.java:310)
	at org.codehaus.groovy.runtime.callsite.PogoMetaClassSite.callCurrent(PogoMetaClassSite.java:72)
	at org.codehaus.groovy.runtime.callsite.CallSiteArray.defaultCallCurrent(CallSiteArray.java:46)
	at org.codehaus.groovy.runtime.callsite.AbstractCallSite.callCurrent(AbstractCallSite.java:133)
	at org.codehaus.groovy.runtime.callsite.AbstractCallSite.callCurrent(AbstractCallSite.java:141)
	at dslEntity.run(dslEntity:2)
	at groovy.lang.GroovyShell.evaluate(GroovyShell.java:682)
	at org.cloudifysource.dsl.internal.DSLReader.evaluateGroovyScript(DSLReader.java:459)
	at org.cloudifysource.dsl.internal.DSLReader.readDslObject(DSLReader.java:379)
	at org.cloudifysource.dsl.internal.DSLReader.readDslEntity(DSLReader.java:311)
	at org.cloudifysource.shell.commands.InstallApplication.doExecute(InstallApplication.java:158)
	at org.cloudifysource.shell.commands.AbstractGSCommand.execute(AbstractGSCommand.java:101)
	at org.cloudifysource.shell.commands.AdminAwareCommand.execute(AdminAwareCommand.java:36)
	at org.apache.felix.gogo.commands.basic.AbstractCommand.execute(AbstractCommand.java:35)
	at org.apache.felix.gogo.runtime.Closure.executeCmd(Closure.java:474)
	at org.apache.felix.gogo.runtime.Closure.executeStatement(Closure.java:400)
	at org.apache.felix.gogo.runtime.Pipe.run(Pipe.java:108)
	at org.apache.felix.gogo.runtime.Closure.execute(Closure.java:183)
	at org.apache.felix.gogo.runtime.Closure.execute(Closure.java:120)
	at org.apache.felix.gogo.runtime.CommandSessionImpl.execute(CommandSessionImpl.java:89)
	at org.apache.karaf.shell.console.jline.Console.run(Console.java:172)
	at org.apache.karaf.shell.console.Main.run(Main.java:191)
	at org.apache.karaf.shell.console.Main.run(Main.java:89)
	at org.cloudifysource.shell.GigaShellMain.main(GigaShellMain.java:126)

2013-11-03 19:57:59,544  INFO [org.cloudifysource.shell.commands.AbstractGSCommand] - Validating file email-server
2013-11-03 19:57:59,811  SEVERE [org.cloudifysource.shell.commands.AbstractGSCommand] - startup failed:
dslEntity: 2: expecting '}', found 'postfix' @ line 2, column 30.
       extend ../../../services/postfix
                                ^

1 error
 : org.codehaus.groovy.control.MultipleCompilationErrorsException: startup failed:
dslEntity: 2: expecting '}', found 'postfix' @ line 2, column 30.
       extend ../../../services/postfix
                                ^

1 error

	at org.codehaus.groovy.control.ErrorCollector.failIfErrors(ErrorCollector.java:302)
	at org.codehaus.groovy.control.ErrorCollector.addFatalError(ErrorCollector.java:149)
	at org.codehaus.groovy.control.ErrorCollector.addError(ErrorCollector.java:119)
	at org.codehaus.groovy.control.ErrorCollector.addError(ErrorCollector.java:131)
	at org.codehaus.groovy.control.SourceUnit.addError(SourceUnit.java:359)
	at org.codehaus.groovy.antlr.AntlrParserPlugin.transformCSTIntoAST(AntlrParserPlugin.java:141)
	at org.codehaus.groovy.antlr.AntlrParserPlugin.parseCST(AntlrParserPlugin.java:107)
	at org.codehaus.groovy.control.SourceUnit.parse(SourceUnit.java:236)
	at org.codehaus.groovy.control.CompilationUnit$1.call(CompilationUnit.java:160)
	at org.codehaus.groovy.control.CompilationUnit.applyToSourceUnits(CompilationUnit.java:843)
	at org.codehaus.groovy.control.CompilationUnit.doPhaseOperation(CompilationUnit.java:548)
	at org.codehaus.groovy.control.CompilationUnit.processPhaseOperations(CompilationUnit.java:524)
	at org.codehaus.groovy.control.CompilationUnit.compile(CompilationUnit.java:501)
	at groovy.lang.GroovyClassLoader.doParseClass(GroovyClassLoader.java:306)
	at groovy.lang.GroovyClassLoader.parseClass(GroovyClassLoader.java:287)
	at groovy.lang.GroovyShell.parseClass(GroovyShell.java:731)
	at groovy.lang.GroovyShell.parse(GroovyShell.java:743)
	at groovy.lang.GroovyShell.parse(GroovyShell.java:723)
	at groovy.lang.GroovyShell.evaluate(GroovyShell.java:680)
	at org.cloudifysource.dsl.internal.DSLReader.evaluateGroovyScript(DSLReader.java:459)
	at org.cloudifysource.dsl.internal.DSLReader.readDslObject(DSLReader.java:379)
	at org.cloudifysource.dsl.internal.DSLReader.readDslEntity(DSLReader.java:311)
	at org.cloudifysource.dsl.internal.ServiceReader.getApplicationServiceFromDirectory(ServiceReader.java:197)
	at org.cloudifysource.dsl.internal.BaseDslScript.loadApplicationService(BaseDslScript.java:847)
	at org.cloudifysource.dsl.internal.BaseDslScript.checkForApplicationServiceBlockNameParameter(BaseDslScript.java:802)
	at org.cloudifysource.dsl.internal.BaseDslScript.applyPropertyToObject(BaseDslScript.java:230)
	at org.cloudifysource.dsl.internal.BaseDslScript.setProperty(BaseDslScript.java:142)
	at org.codehaus.groovy.runtime.InvokerHelper.setProperty(InvokerHelper.java:179)
	at groovy.lang.Closure.setPropertyTryThese(Closure.java:380)
	at groovy.lang.Closure.setPropertyOwnerFirst(Closure.java:374)
	at groovy.lang.Closure.setProperty(Closure.java:363)
	at org.codehaus.groovy.runtime.InvokerHelper.setProperty(InvokerHelper.java:179)
	at groovy.lang.Closure.setPropertyTryThese(Closure.java:380)
	at groovy.lang.Closure.setPropertyOwnerFirst(Closure.java:374)
	at groovy.lang.Closure.setProperty(Closure.java:363)
	at org.codehaus.groovy.runtime.ScriptBytecodeAdapter.setGroovyObjectProperty(ScriptBytecodeAdapter.java:528)
	at dslEntity$_run_closure3_closure4.doCall(dslEntity:10)
	at sun.reflect.NativeMethodAccessorImpl.invoke0(Native Method)
	at sun.reflect.NativeMethodAccessorImpl.invoke(NativeMethodAccessorImpl.java:57)
	at sun.reflect.DelegatingMethodAccessorImpl.invoke(DelegatingMethodAccessorImpl.java:43)
	at java.lang.reflect.Method.invoke(Method.java:606)
	at org.codehaus.groovy.reflection.CachedMethod.invoke(CachedMethod.java:90)
	at groovy.lang.MetaMethod.doMethodInvoke(MetaMethod.java:233)
	at org.codehaus.groovy.runtime.metaclass.ClosureMetaClass.invokeMethod(ClosureMetaClass.java:272)
	at groovy.lang.MetaClassImpl.invokeMethod(MetaClassImpl.java:877)
	at org.codehaus.groovy.runtime.callsite.PogoMetaClassSite.callCurrent(PogoMetaClassSite.java:66)
	at org.codehaus.groovy.runtime.callsite.CallSiteArray.defaultCallCurrent(CallSiteArray.java:46)
	at org.codehaus.groovy.runtime.callsite.AbstractCallSite.callCurrent(AbstractCallSite.java:133)
	at org.codehaus.groovy.runtime.callsite.AbstractCallSite.callCurrent(AbstractCallSite.java:141)
	at dslEntity$_run_closure3_closure4.doCall(dslEntity)
	at sun.reflect.NativeMethodAccessorImpl.invoke0(Native Method)
	at sun.reflect.NativeMethodAccessorImpl.invoke(NativeMethodAccessorImpl.java:57)
	at sun.reflect.DelegatingMethodAccessorImpl.invoke(DelegatingMethodAccessorImpl.java:43)
	at java.lang.reflect.Method.invoke(Method.java:606)
	at org.codehaus.groovy.reflection.CachedMethod.invoke(CachedMethod.java:90)
	at groovy.lang.MetaMethod.doMethodInvoke(MetaMethod.java:233)
	at org.codehaus.groovy.runtime.metaclass.ClosureMetaClass.invokeMethod(ClosureMetaClass.java:272)
	at groovy.lang.MetaClassImpl.invokeMethod(MetaClassImpl.java:877)
	at groovy.lang.Closure.call(Closure.java:412)
	at groovy.lang.Closure.call(Closure.java:406)
	at org.cloudifysource.dsl.internal.BaseDslScript.swapActiveObject(BaseDslScript.java:785)
	at org.cloudifysource.dsl.internal.BaseDslScript.invokeMethod(BaseDslScript.java:310)
	at org.codehaus.groovy.runtime.metaclass.ClosureMetaClass.invokeOnDelegationObjects(ClosureMetaClass.java:407)
	at org.codehaus.groovy.runtime.metaclass.ClosureMetaClass.invokeMethod(ClosureMetaClass.java:346)
	at groovy.lang.MetaClassImpl.invokeMethod(MetaClassImpl.java:877)
	at org.codehaus.groovy.runtime.callsite.PogoMetaClassSite.callCurrent(PogoMetaClassSite.java:66)
	at org.codehaus.groovy.runtime.callsite.CallSiteArray.defaultCallCurrent(CallSiteArray.java:46)
	at org.codehaus.groovy.runtime.callsite.AbstractCallSite.callCurrent(AbstractCallSite.java:133)
	at org.codehaus.groovy.runtime.callsite.AbstractCallSite.callCurrent(AbstractCallSite.java:141)
	at dslEntity$_run_closure3.doCall(dslEntity:9)
	at sun.reflect.NativeMethodAccessorImpl.invoke0(Native Method)
	at sun.reflect.NativeMethodAccessorImpl.invoke(NativeMethodAccessorImpl.java:57)
	at sun.reflect.DelegatingMethodAccessorImpl.invoke(DelegatingMethodAccessorImpl.java:43)
	at java.lang.reflect.Method.invoke(Method.java:606)
	at org.codehaus.groovy.reflection.CachedMethod.invoke(CachedMethod.java:90)
	at groovy.lang.MetaMethod.doMethodInvoke(MetaMethod.java:233)
	at org.codehaus.groovy.runtime.metaclass.ClosureMetaClass.invokeMethod(ClosureMetaClass.java:272)
	at groovy.lang.MetaClassImpl.invokeMethod(MetaClassImpl.java:877)
	at org.codehaus.groovy.runtime.callsite.PogoMetaClassSite.callCurrent(PogoMetaClassSite.java:66)
	at org.codehaus.groovy.runtime.callsite.CallSiteArray.defaultCallCurrent(CallSiteArray.java:46)
	at org.codehaus.groovy.runtime.callsite.AbstractCallSite.callCurrent(AbstractCallSite.java:133)
	at org.codehaus.groovy.runtime.callsite.AbstractCallSite.callCurrent(AbstractCallSite.java:141)
	at dslEntity$_run_closure3.doCall(dslEntity)
	at sun.reflect.NativeMethodAccessorImpl.invoke0(Native Method)
	at sun.reflect.NativeMethodAccessorImpl.invoke(NativeMethodAccessorImpl.java:57)
	at sun.reflect.DelegatingMethodAccessorImpl.invoke(DelegatingMethodAccessorImpl.java:43)
	at java.lang.reflect.Method.invoke(Method.java:606)
	at org.codehaus.groovy.reflection.CachedMethod.invoke(CachedMethod.java:90)
	at groovy.lang.MetaMethod.doMethodInvoke(MetaMethod.java:233)
	at org.codehaus.groovy.runtime.metaclass.ClosureMetaClass.invokeMethod(ClosureMetaClass.java:272)
	at groovy.lang.MetaClassImpl.invokeMethod(MetaClassImpl.java:877)
	at groovy.lang.Closure.call(Closure.java:412)
	at groovy.lang.Closure.call(Closure.java:406)
	at org.cloudifysource.dsl.internal.BaseDslScript.swapActiveObject(BaseDslScript.java:785)
	at org.cloudifysource.dsl.internal.BaseDslScript.invokeMethod(BaseDslScript.java:310)
	at org.codehaus.groovy.runtime.callsite.PogoMetaClassSite.callCurrent(PogoMetaClassSite.java:72)
	at org.codehaus.groovy.runtime.callsite.CallSiteArray.defaultCallCurrent(CallSiteArray.java:46)
	at org.codehaus.groovy.runtime.callsite.AbstractCallSite.callCurrent(AbstractCallSite.java:133)
	at org.codehaus.groovy.runtime.callsite.AbstractCallSite.callCurrent(AbstractCallSite.java:141)
	at dslEntity.run(dslEntity:2)
	at groovy.lang.GroovyShell.evaluate(GroovyShell.java:682)
	at org.cloudifysource.dsl.internal.DSLReader.evaluateGroovyScript(DSLReader.java:459)
	at org.cloudifysource.dsl.internal.DSLReader.readDslObject(DSLReader.java:379)
	at org.cloudifysource.dsl.internal.DSLReader.readDslEntity(DSLReader.java:311)
	at org.cloudifysource.shell.commands.InstallApplication.doExecute(InstallApplication.java:158)
	at org.cloudifysource.shell.commands.AbstractGSCommand.execute(AbstractGSCommand.java:101)
	at org.cloudifysource.shell.commands.AdminAwareCommand.execute(AdminAwareCommand.java:36)
	at org.apache.felix.gogo.commands.basic.AbstractCommand.execute(AbstractCommand.java:35)
	at org.apache.felix.gogo.runtime.Closure.executeCmd(Closure.java:474)
	at org.apache.felix.gogo.runtime.Closure.executeStatement(Closure.java:400)
	at org.apache.felix.gogo.runtime.Pipe.run(Pipe.java:108)
	at org.apache.felix.gogo.runtime.Closure.execute(Closure.java:183)
	at org.apache.felix.gogo.runtime.Closure.execute(Closure.java:120)
	at org.apache.felix.gogo.runtime.CommandSessionImpl.execute(CommandSessionImpl.java:89)
	at org.apache.karaf.shell.console.jline.Console.run(Console.java:172)
	at org.apache.karaf.shell.console.Main.run(Main.java:191)
	at org.apache.karaf.shell.console.Main.run(Main.java:89)
	at org.cloudifysource.shell.GigaShellMain.main(GigaShellMain.java:126)

2013-11-03 19:58:52,165  INFO [org.cloudifysource.shell.commands.AbstractGSCommand] - Validating file email-server
2013-11-03 19:58:52,438  SEVERE [org.cloudifysource.shell.commands.AbstractGSCommand] - Failed to load properties file postfix-service.properties: Failed to read properties file: /Users/carlos.frias/Dropbox/personal-workspaces/email-workspace/server-setup/deployment/./email-server/postfix/../../../services/postfix/postfix-service.properties : java.lang.IllegalArgumentException: Failed to load properties file postfix-service.properties: Failed to read properties file: /Users/carlos.frias/Dropbox/personal-workspaces/email-workspace/server-setup/deployment/./email-server/postfix/../../../services/postfix/postfix-service.properties
	at org.cloudifysource.dsl.internal.DSLReader.readDslObject(DSLReader.java:347)
	at org.cloudifysource.dsl.internal.DSLReader.readDslEntity(DSLReader.java:311)
	at org.cloudifysource.dsl.internal.BaseDslScript.readServiceToExtend(BaseDslScript.java:523)
	at org.cloudifysource.dsl.internal.BaseDslScript.handleSpecialProperty(BaseDslScript.java:485)
	at org.cloudifysource.dsl.internal.BaseDslScript.invokeMethod(BaseDslScript.java:333)
	at org.codehaus.groovy.runtime.metaclass.ClosureMetaClass.invokeOnDelegationObjects(ClosureMetaClass.java:407)
	at org.codehaus.groovy.runtime.metaclass.ClosureMetaClass.invokeMethod(ClosureMetaClass.java:346)
	at groovy.lang.MetaClassImpl.invokeMethod(MetaClassImpl.java:877)
	at org.codehaus.groovy.runtime.callsite.PogoMetaClassSite.callCurrent(PogoMetaClassSite.java:66)
	at org.codehaus.groovy.runtime.callsite.CallSiteArray.defaultCallCurrent(CallSiteArray.java:46)
	at org.codehaus.groovy.runtime.callsite.AbstractCallSite.callCurrent(AbstractCallSite.java:133)
	at org.codehaus.groovy.runtime.callsite.AbstractCallSite.callCurrent(AbstractCallSite.java:141)
	at dslEntity$_run_closure3.doCall(dslEntity:2)
	at sun.reflect.NativeMethodAccessorImpl.invoke0(Native Method)
	at sun.reflect.NativeMethodAccessorImpl.invoke(NativeMethodAccessorImpl.java:57)
	at sun.reflect.DelegatingMethodAccessorImpl.invoke(DelegatingMethodAccessorImpl.java:43)
	at java.lang.reflect.Method.invoke(Method.java:606)
	at org.codehaus.groovy.reflection.CachedMethod.invoke(CachedMethod.java:90)
	at groovy.lang.MetaMethod.doMethodInvoke(MetaMethod.java:233)
	at org.codehaus.groovy.runtime.metaclass.ClosureMetaClass.invokeMethod(ClosureMetaClass.java:272)
	at groovy.lang.MetaClassImpl.invokeMethod(MetaClassImpl.java:877)
	at org.codehaus.groovy.runtime.callsite.PogoMetaClassSite.callCurrent(PogoMetaClassSite.java:66)
	at org.codehaus.groovy.runtime.callsite.CallSiteArray.defaultCallCurrent(CallSiteArray.java:46)
	at org.codehaus.groovy.runtime.callsite.AbstractCallSite.callCurrent(AbstractCallSite.java:133)
	at org.codehaus.groovy.runtime.callsite.AbstractCallSite.callCurrent(AbstractCallSite.java:141)
	at dslEntity$_run_closure3.doCall(dslEntity)
	at sun.reflect.NativeMethodAccessorImpl.invoke0(Native Method)
	at sun.reflect.NativeMethodAccessorImpl.invoke(NativeMethodAccessorImpl.java:57)
	at sun.reflect.DelegatingMethodAccessorImpl.invoke(DelegatingMethodAccessorImpl.java:43)
	at java.lang.reflect.Method.invoke(Method.java:606)
	at org.codehaus.groovy.reflection.CachedMethod.invoke(CachedMethod.java:90)
	at groovy.lang.MetaMethod.doMethodInvoke(MetaMethod.java:233)
	at org.codehaus.groovy.runtime.metaclass.ClosureMetaClass.invokeMethod(ClosureMetaClass.java:272)
	at groovy.lang.MetaClassImpl.invokeMethod(MetaClassImpl.java:877)
	at groovy.lang.Closure.call(Closure.java:412)
	at groovy.lang.Closure.call(Closure.java:406)
	at org.cloudifysource.dsl.internal.BaseDslScript.swapActiveObject(BaseDslScript.java:785)
	at org.cloudifysource.dsl.internal.BaseDslScript.invokeMethod(BaseDslScript.java:310)
	at org.codehaus.groovy.runtime.callsite.PogoMetaClassSite.callCurrent(PogoMetaClassSite.java:72)
	at org.codehaus.groovy.runtime.callsite.CallSiteArray.defaultCallCurrent(CallSiteArray.java:46)
	at org.codehaus.groovy.runtime.callsite.AbstractCallSite.callCurrent(AbstractCallSite.java:133)
	at org.codehaus.groovy.runtime.callsite.AbstractCallSite.callCurrent(AbstractCallSite.java:141)
	at dslEntity.run(dslEntity:1)
	at groovy.lang.GroovyShell.evaluate(GroovyShell.java:682)
	at org.cloudifysource.dsl.internal.DSLReader.evaluateGroovyScript(DSLReader.java:459)
	at org.cloudifysource.dsl.internal.DSLReader.readDslObject(DSLReader.java:379)
	at org.cloudifysource.dsl.internal.DSLReader.readDslEntity(DSLReader.java:311)
	at org.cloudifysource.dsl.internal.ServiceReader.getApplicationServiceFromDirectory(ServiceReader.java:197)
	at org.cloudifysource.dsl.internal.BaseDslScript.loadApplicationService(BaseDslScript.java:847)
	at org.cloudifysource.dsl.internal.BaseDslScript.checkForApplicationServiceBlockNameParameter(BaseDslScript.java:802)
	at org.cloudifysource.dsl.internal.BaseDslScript.applyPropertyToObject(BaseDslScript.java:230)
	at org.cloudifysource.dsl.internal.BaseDslScript.setProperty(BaseDslScript.java:142)
	at org.codehaus.groovy.runtime.InvokerHelper.setProperty(InvokerHelper.java:179)
	at groovy.lang.Closure.setPropertyTryThese(Closure.java:380)
	at groovy.lang.Closure.setPropertyOwnerFirst(Closure.java:374)
	at groovy.lang.Closure.setProperty(Closure.java:363)
	at org.codehaus.groovy.runtime.InvokerHelper.setProperty(InvokerHelper.java:179)
	at groovy.lang.Closure.setPropertyTryThese(Closure.java:380)
	at groovy.lang.Closure.setPropertyOwnerFirst(Closure.java:374)
	at groovy.lang.Closure.setProperty(Closure.java:363)
	at org.codehaus.groovy.runtime.ScriptBytecodeAdapter.setGroovyObjectProperty(ScriptBytecodeAdapter.java:528)
	at dslEntity$_run_closure3_closure4.doCall(dslEntity:10)
	at sun.reflect.NativeMethodAccessorImpl.invoke0(Native Method)
	at sun.reflect.NativeMethodAccessorImpl.invoke(NativeMethodAccessorImpl.java:57)
	at sun.reflect.DelegatingMethodAccessorImpl.invoke(DelegatingMethodAccessorImpl.java:43)
	at java.lang.reflect.Method.invoke(Method.java:606)
	at org.codehaus.groovy.reflection.CachedMethod.invoke(CachedMethod.java:90)
	at groovy.lang.MetaMethod.doMethodInvoke(MetaMethod.java:233)
	at org.codehaus.groovy.runtime.metaclass.ClosureMetaClass.invokeMethod(ClosureMetaClass.java:272)
	at groovy.lang.MetaClassImpl.invokeMethod(MetaClassImpl.java:877)
	at org.codehaus.groovy.runtime.callsite.PogoMetaClassSite.callCurrent(PogoMetaClassSite.java:66)
	at org.codehaus.groovy.runtime.callsite.CallSiteArray.defaultCallCurrent(CallSiteArray.java:46)
	at org.codehaus.groovy.runtime.callsite.AbstractCallSite.callCurrent(AbstractCallSite.java:133)
	at org.codehaus.groovy.runtime.callsite.AbstractCallSite.callCurrent(AbstractCallSite.java:141)
	at dslEntity$_run_closure3_closure4.doCall(dslEntity)
	at sun.reflect.NativeMethodAccessorImpl.invoke0(Native Method)
	at sun.reflect.NativeMethodAccessorImpl.invoke(NativeMethodAccessorImpl.java:57)
	at sun.reflect.DelegatingMethodAccessorImpl.invoke(DelegatingMethodAccessorImpl.java:43)
	at java.lang.reflect.Method.invoke(Method.java:606)
	at org.codehaus.groovy.reflection.CachedMethod.invoke(CachedMethod.java:90)
	at groovy.lang.MetaMethod.doMethodInvoke(MetaMethod.java:233)
	at org.codehaus.groovy.runtime.metaclass.ClosureMetaClass.invokeMethod(ClosureMetaClass.java:272)
	at groovy.lang.MetaClassImpl.invokeMethod(MetaClassImpl.java:877)
	at groovy.lang.Closure.call(Closure.java:412)
	at groovy.lang.Closure.call(Closure.java:406)
	at org.cloudifysource.dsl.internal.BaseDslScript.swapActiveObject(BaseDslScript.java:785)
	at org.cloudifysource.dsl.internal.BaseDslScript.invokeMethod(BaseDslScript.java:310)
	at org.codehaus.groovy.runtime.metaclass.ClosureMetaClass.invokeOnDelegationObjects(ClosureMetaClass.java:407)
	at org.codehaus.groovy.runtime.metaclass.ClosureMetaClass.invokeMethod(ClosureMetaClass.java:346)
	at groovy.lang.MetaClassImpl.invokeMethod(MetaClassImpl.java:877)
	at org.codehaus.groovy.runtime.callsite.PogoMetaClassSite.callCurrent(PogoMetaClassSite.java:66)
	at org.codehaus.groovy.runtime.callsite.CallSiteArray.defaultCallCurrent(CallSiteArray.java:46)
	at org.codehaus.groovy.runtime.callsite.AbstractCallSite.callCurrent(AbstractCallSite.java:133)
	at org.codehaus.groovy.runtime.callsite.AbstractCallSite.callCurrent(AbstractCallSite.java:141)
	at dslEntity$_run_closure3.doCall(dslEntity:9)
	at sun.reflect.NativeMethodAccessorImpl.invoke0(Native Method)
	at sun.reflect.NativeMethodAccessorImpl.invoke(NativeMethodAccessorImpl.java:57)
	at sun.reflect.DelegatingMethodAccessorImpl.invoke(DelegatingMethodAccessorImpl.java:43)
	at java.lang.reflect.Method.invoke(Method.java:606)
	at org.codehaus.groovy.reflection.CachedMethod.invoke(CachedMethod.java:90)
	at groovy.lang.MetaMethod.doMethodInvoke(MetaMethod.java:233)
	at org.codehaus.groovy.runtime.metaclass.ClosureMetaClass.invokeMethod(ClosureMetaClass.java:272)
	at groovy.lang.MetaClassImpl.invokeMethod(MetaClassImpl.java:877)
	at org.codehaus.groovy.runtime.callsite.PogoMetaClassSite.callCurrent(PogoMetaClassSite.java:66)
	at org.codehaus.groovy.runtime.callsite.CallSiteArray.defaultCallCurrent(CallSiteArray.java:46)
	at org.codehaus.groovy.runtime.callsite.AbstractCallSite.callCurrent(AbstractCallSite.java:133)
	at org.codehaus.groovy.runtime.callsite.AbstractCallSite.callCurrent(AbstractCallSite.java:141)
	at dslEntity$_run_closure3.doCall(dslEntity)
	at sun.reflect.NativeMethodAccessorImpl.invoke0(Native Method)
	at sun.reflect.NativeMethodAccessorImpl.invoke(NativeMethodAccessorImpl.java:57)
	at sun.reflect.DelegatingMethodAccessorImpl.invoke(DelegatingMethodAccessorImpl.java:43)
	at java.lang.reflect.Method.invoke(Method.java:606)
	at org.codehaus.groovy.reflection.CachedMethod.invoke(CachedMethod.java:90)
	at groovy.lang.MetaMethod.doMethodInvoke(MetaMethod.java:233)
	at org.codehaus.groovy.runtime.metaclass.ClosureMetaClass.invokeMethod(ClosureMetaClass.java:272)
	at groovy.lang.MetaClassImpl.invokeMethod(MetaClassImpl.java:877)
	at groovy.lang.Closure.call(Closure.java:412)
	at groovy.lang.Closure.call(Closure.java:406)
	at org.cloudifysource.dsl.internal.BaseDslScript.swapActiveObject(BaseDslScript.java:785)
	at org.cloudifysource.dsl.internal.BaseDslScript.invokeMethod(BaseDslScript.java:310)
	at org.codehaus.groovy.runtime.callsite.PogoMetaClassSite.callCurrent(PogoMetaClassSite.java:72)
	at org.codehaus.groovy.runtime.callsite.CallSiteArray.defaultCallCurrent(CallSiteArray.java:46)
	at org.codehaus.groovy.runtime.callsite.AbstractCallSite.callCurrent(AbstractCallSite.java:133)
	at org.codehaus.groovy.runtime.callsite.AbstractCallSite.callCurrent(AbstractCallSite.java:141)
	at dslEntity.run(dslEntity:2)
	at groovy.lang.GroovyShell.evaluate(GroovyShell.java:682)
	at org.cloudifysource.dsl.internal.DSLReader.evaluateGroovyScript(DSLReader.java:459)
	at org.cloudifysource.dsl.internal.DSLReader.readDslObject(DSLReader.java:379)
	at org.cloudifysource.dsl.internal.DSLReader.readDslEntity(DSLReader.java:311)
	at org.cloudifysource.shell.commands.InstallApplication.doExecute(InstallApplication.java:158)
	at org.cloudifysource.shell.commands.AbstractGSCommand.execute(AbstractGSCommand.java:101)
	at org.cloudifysource.shell.commands.AdminAwareCommand.execute(AdminAwareCommand.java:36)
	at org.apache.felix.gogo.commands.basic.AbstractCommand.execute(AbstractCommand.java:35)
	at org.apache.felix.gogo.runtime.Closure.executeCmd(Closure.java:474)
	at org.apache.felix.gogo.runtime.Closure.executeStatement(Closure.java:400)
	at org.apache.felix.gogo.runtime.Pipe.run(Pipe.java:108)
	at org.apache.felix.gogo.runtime.Closure.execute(Closure.java:183)
	at org.apache.felix.gogo.runtime.Closure.execute(Closure.java:120)
	at org.apache.felix.gogo.runtime.CommandSessionImpl.execute(CommandSessionImpl.java:89)
	at org.apache.karaf.shell.console.jline.Console.run(Console.java:172)
	at org.apache.karaf.shell.console.Main.run(Main.java:191)
	at org.apache.karaf.shell.console.Main.run(Main.java:89)
	at org.cloudifysource.shell.GigaShellMain.main(GigaShellMain.java:126)
Caused by: java.io.IOException: Failed to read properties file: /Users/carlos.frias/Dropbox/personal-workspaces/email-workspace/server-setup/deployment/./email-server/postfix/../../../services/postfix/postfix-service.properties
	at org.cloudifysource.dsl.internal.DSLReader.createDSLProperties(DSLReader.java:575)
	at org.cloudifysource.dsl.internal.DSLReader.readDslObject(DSLReader.java:334)
	... 142 more
Caused by: org.codehaus.groovy.control.MultipleCompilationErrorsException: startup failed:
script1383526732431649760885.groovy: 4: expecting ''', found '<EOF>' @ line 4, column 17.
   userHome='/home/
                   ^

1 error

	at org.codehaus.groovy.control.ErrorCollector.failIfErrors(ErrorCollector.java:302)
	at org.codehaus.groovy.control.ErrorCollector.addFatalError(ErrorCollector.java:149)
	at org.codehaus.groovy.control.ErrorCollector.addError(ErrorCollector.java:119)
	at org.codehaus.groovy.control.ErrorCollector.addError(ErrorCollector.java:131)
	at org.codehaus.groovy.control.SourceUnit.addError(SourceUnit.java:359)
	at org.codehaus.groovy.antlr.AntlrParserPlugin.transformCSTIntoAST(AntlrParserPlugin.java:136)
	at org.codehaus.groovy.antlr.AntlrParserPlugin.parseCST(AntlrParserPlugin.java:107)
	at org.codehaus.groovy.control.SourceUnit.parse(SourceUnit.java:236)
	at org.codehaus.groovy.control.CompilationUnit$1.call(CompilationUnit.java:160)
	at org.codehaus.groovy.control.CompilationUnit.applyToSourceUnits(CompilationUnit.java:843)
	at org.codehaus.groovy.control.CompilationUnit.doPhaseOperation(CompilationUnit.java:548)
	at org.codehaus.groovy.control.CompilationUnit.processPhaseOperations(CompilationUnit.java:524)
	at org.codehaus.groovy.control.CompilationUnit.compile(CompilationUnit.java:501)
	at groovy.lang.GroovyClassLoader.doParseClass(GroovyClassLoader.java:306)
	at groovy.lang.GroovyClassLoader.parseClass(GroovyClassLoader.java:287)
	at groovy.lang.GroovyClassLoader.parseClass(GroovyClassLoader.java:267)
	at groovy.lang.GroovyClassLoader.parseClass(GroovyClassLoader.java:214)
	at groovy.lang.GroovyClassLoader.parseClass(GroovyClassLoader.java:224)
	at groovy.lang.GroovyClassLoader$parseClass.call(Unknown Source)
	at groovy.util.ConfigSlurper.parse(ConfigSlurper.groovy:148)
	at org.cloudifysource.dsl.internal.DSLReader.createDSLProperties(DSLReader.java:572)
	... 143 more

2013-11-03 20:00:31,753  INFO [org.cloudifysource.shell.commands.AbstractGSCommand] - Validating file email-server
2013-11-03 20:00:33,145  INFO [org.cloudifysource.shell.commands.AbstractGSCommand] - Uploading application gofrias-mail
2013-11-03 20:01:15,332  INFO [org.cloudifysource.shell.commands.AbstractGSCommand] - Application [gofrias-mail] with 1 services
2013-11-03 20:01:15,332  INFO [org.cloudifysource.shell.commands.AbstractGSCommand] - Service [postfix] 1 planned instances
2013-11-03 20:06:54,979  SEVERE [org.cloudifysource.shell.commands.AbstractGSCommand] - Command interrupted by user.
2013-11-03 20:08:02,016  INFO [org.cloudifysource.shell.commands.AbstractGSCommand] - Validating file email-server
2013-11-03 20:08:02,432  WARNING [org.cloudifysource.shell.commands.AbstractGSCommand] - Application "gofrias-mail" is already deployed. Use "uninstall-application gofrias-mail" to uninstall the existing application, before installing the new application.
2013-11-03 20:08:51,528  INFO [org.cloudifysource.shell.commands.AbstractGSCommand] - Validating file email-server
2013-11-03 20:08:52,063  INFO [org.cloudifysource.shell.commands.AbstractGSCommand] - Uploading application gofrias-mail
2013-11-03 20:09:09,552  INFO [org.cloudifysource.shell.commands.AbstractGSCommand] - Application [gofrias-mail] with 1 services
2013-11-03 20:09:09,552  INFO [org.cloudifysource.shell.commands.AbstractGSCommand] - Service [postfix] 1 planned instances
